  Camera.cpp
C:\Users\user\Desktop\2ComputerGraphics-master(2)\ComputerGraphics-master\CGproject\Camera.cpp(1,1): warning C4819: 현재 코드 페이지(949)에서 표시할 수 없는 문자가 파일에 들어 있습니다. 데이터가 손실되지 않게 하려면 해당 파일을 유니코드 형식으로 저장하십시오.
C:\Users\user\Desktop\2ComputerGraphics-master(2)\ComputerGraphics-master\CGproject\Camera.h(1,1): warning C4819: 현재 코드 페이지(949)에서 표시할 수 없는 문자가 파일에 들어 있습니다. 데이터가 손실되지 않게 하려면 해당 파일을 유니코드 형식으로 저장하십시오.
  (소스 파일 'Camera.cpp'을(를) 컴파일하는 중)
  
C:\Users\user\Desktop\2ComputerGraphics-master(2)\ComputerGraphics-master\CGproject\Common.h(1,1): warning C4819: 현재 코드 페이지(949)에서 표시할 수 없는 문자가 파일에 들어 있습니다. 데이터가 손실되지 않게 하려면 해당 파일을 유니코드 형식으로 저장하십시오.
  (소스 파일 'Camera.cpp'을(를) 컴파일하는 중)
  
  Game.cpp
C:\Users\user\Desktop\2ComputerGraphics-master(2)\ComputerGraphics-master\CGproject\Game.cpp(1,1): warning C4819: 현재 코드 페이지(949)에서 표시할 수 없는 문자가 파일에 들어 있습니다. 데이터가 손실되지 않게 하려면 해당 파일을 유니코드 형식으로 저장하십시오.
C:\Users\user\Desktop\2ComputerGraphics-master(2)\ComputerGraphics-master\CGproject\Game.h(1,1): warning C4819: 현재 코드 페이지(949)에서 표시할 수 없는 문자가 파일에 들어 있습니다. 데이터가 손실되지 않게 하려면 해당 파일을 유니코드 형식으로 저장하십시오.
  (소스 파일 'Game.cpp'을(를) 컴파일하는 중)
  
C:\Users\user\Desktop\2ComputerGraphics-master(2)\ComputerGraphics-master\CGproject\Common.h(1,1): warning C4819: 현재 코드 페이지(949)에서 표시할 수 없는 문자가 파일에 들어 있습니다. 데이터가 손실되지 않게 하려면 해당 파일을 유니코드 형식으로 저장하십시오.
  (소스 파일 'Game.cpp'을(를) 컴파일하는 중)
  
C:\Users\user\Desktop\2ComputerGraphics-master(2)\ComputerGraphics-master\CGproject\Camera.h(1,1): warning C4819: 현재 코드 페이지(949)에서 표시할 수 없는 문자가 파일에 들어 있습니다. 데이터가 손실되지 않게 하려면 해당 파일을 유니코드 형식으로 저장하십시오.
  (소스 파일 'Game.cpp'을(를) 컴파일하는 중)
  
C:\Users\user\Desktop\2ComputerGraphics-master(2)\ComputerGraphics-master\CGproject\Ball.h(1,1): warning C4819: 현재 코드 페이지(949)에서 표시할 수 없는 문자가 파일에 들어 있습니다. 데이터가 손실되지 않게 하려면 해당 파일을 유니코드 형식으로 저장하십시오.
  (소스 파일 'Game.cpp'을(를) 컴파일하는 중)
  
C:\Users\user\Desktop\2ComputerGraphics-master(2)\ComputerGraphics-master\CGproject\Pin.h(1,1): warning C4819: 현재 코드 페이지(949)에서 표시할 수 없는 문자가 파일에 들어 있습니다. 데이터가 손실되지 않게 하려면 해당 파일을 유니코드 형식으로 저장하십시오.
  (소스 파일 'Game.cpp'을(를) 컴파일하는 중)
  
C:\Users\user\Desktop\2ComputerGraphics-master(2)\ComputerGraphics-master\CGproject\Lane.h(1,1): warning C4819: 현재 코드 페이지(949)에서 표시할 수 없는 문자가 파일에 들어 있습니다. 데이터가 손실되지 않게 하려면 해당 파일을 유니코드 형식으로 저장하십시오.
  (소스 파일 'Game.cpp'을(를) 컴파일하는 중)
  
C:\Users\user\Desktop\2ComputerGraphics-master(2)\ComputerGraphics-master\CGproject\UI.h(1,1): warning C4819: 현재 코드 페이지(949)에서 표시할 수 없는 문자가 파일에 들어 있습니다. 데이터가 손실되지 않게 하려면 해당 파일을 유니코드 형식으로 저장하십시오.
  (소스 파일 'Game.cpp'을(를) 컴파일하는 중)
  
  main.cpp
C:\Users\user\Desktop\2ComputerGraphics-master(2)\ComputerGraphics-master\CGproject\main.cpp(1,1): warning C4819: 현재 코드 페이지(949)에서 표시할 수 없는 문자가 파일에 들어 있습니다. 데이터가 손실되지 않게 하려면 해당 파일을 유니코드 형식으로 저장하십시오.
C:\Users\user\Desktop\2ComputerGraphics-master(2)\ComputerGraphics-master\CGproject\Game.h(1,1): warning C4819: 현재 코드 페이지(949)에서 표시할 수 없는 문자가 파일에 들어 있습니다. 데이터가 손실되지 않게 하려면 해당 파일을 유니코드 형식으로 저장하십시오.
  (소스 파일 'main.cpp'을(를) 컴파일하는 중)
  
C:\Users\user\Desktop\2ComputerGraphics-master(2)\ComputerGraphics-master\CGproject\Common.h(1,1): warning C4819: 현재 코드 페이지(949)에서 표시할 수 없는 문자가 파일에 들어 있습니다. 데이터가 손실되지 않게 하려면 해당 파일을 유니코드 형식으로 저장하십시오.
  (소스 파일 'main.cpp'을(를) 컴파일하는 중)
  
C:\Users\user\Desktop\2ComputerGraphics-master(2)\ComputerGraphics-master\CGproject\Camera.h(1,1): warning C4819: 현재 코드 페이지(949)에서 표시할 수 없는 문자가 파일에 들어 있습니다. 데이터가 손실되지 않게 하려면 해당 파일을 유니코드 형식으로 저장하십시오.
  (소스 파일 'main.cpp'을(를) 컴파일하는 중)
  
C:\Users\user\Desktop\2ComputerGraphics-master(2)\ComputerGraphics-master\CGproject\Ball.h(1,1): warning C4819: 현재 코드 페이지(949)에서 표시할 수 없는 문자가 파일에 들어 있습니다. 데이터가 손실되지 않게 하려면 해당 파일을 유니코드 형식으로 저장하십시오.
  (소스 파일 'main.cpp'을(를) 컴파일하는 중)
  
C:\Users\user\Desktop\2ComputerGraphics-master(2)\ComputerGraphics-master\CGproject\Pin.h(1,1): warning C4819: 현재 코드 페이지(949)에서 표시할 수 없는 문자가 파일에 들어 있습니다. 데이터가 손실되지 않게 하려면 해당 파일을 유니코드 형식으로 저장하십시오.
  (소스 파일 'main.cpp'을(를) 컴파일하는 중)
  
C:\Users\user\Desktop\2ComputerGraphics-master(2)\ComputerGraphics-master\CGproject\Lane.h(1,1): warning C4819: 현재 코드 페이지(949)에서 표시할 수 없는 문자가 파일에 들어 있습니다. 데이터가 손실되지 않게 하려면 해당 파일을 유니코드 형식으로 저장하십시오.
  (소스 파일 'main.cpp'을(를) 컴파일하는 중)
  
C:\Users\user\Desktop\2ComputerGraphics-master(2)\ComputerGraphics-master\CGproject\UI.h(1,1): warning C4819: 현재 코드 페이지(949)에서 표시할 수 없는 문자가 파일에 들어 있습니다. 데이터가 손실되지 않게 하려면 해당 파일을 유니코드 형식으로 저장하십시오.
  (소스 파일 'main.cpp'을(를) 컴파일하는 중)
  
  코드를 생성하고 있습니다...
  CGproject.vcxproj -> C:\Users\user\Desktop\2ComputerGraphics-master(2)\ComputerGraphics-master\x64\Debug\CGproject.exe
